<?xml version="1.0" encoding="UTF-8"?>
<testsuite name="products.ProductsTest" time="0.004" tests="2" errors="0" skipped="0" failures="2">
  <properties>
[...]
</properties>
  <testcase name="createProduct" classname="products.ProductsTest" time="0.004">
    <failure type="java.lang.AssertionError:">java.lang.AssertionError: null
	at products.ProductsTest.createProduct(ProductsTest.java:36)
</failure>
  </testcase>
  <testcase name="deleteProduct" classname="products.ProductsTest" time="0">
    <failure type="java.lang.AssertionError:">java.lang.AssertionError: null
	at products.ProductsTest.deleteProduct(ProductsTest.java:45)
</failure>
  </testcase>
</testsuite>